#
# A fatal error has been detected by the Java Runtime Environment:
#
#  EXCEPTION_ACCESS_VIOLATION (0xc0000005) at pc=0x000007feef255862, pid=1012, tid=1524
#
# JRE version: OpenJDK Runtime Environment Temurin-17.0.3+7 (17.0.3+7) (build 17.0.3+7)
# Java VM: OpenJDK 64-Bit Server VM Temurin-17.0.3+7 (17.0.3+7, mixed mode, tiered, compressed oops, compressed class ptrs, g1 gc, windows-amd64)
# Problematic frame:
# V  [jvm.dll+0x2d5862]
#
# No core dump will be written. Minidumps are not enabled by default on client versions of Windows
#
# If you would like to submit a bug report, please visit:
#   https://github.com/adoptium/adoptium-support/issues
#

---------------  S U M M A R Y ------------

Command Line: -ea -Dfile.encoding=UTF-8 -XX:+ShowCodeDetailsInExceptionMessages org.eclipse.jdt.internal.junit.runner.RemoteTestRunner -version 3 -port 49173 -testLoaderClass org.eclipse.jdt.internal.junit5.runner.JUnit5TestLoader -loaderpluginname org.eclipse.jdt.junit5.runtime -classNames br.com.carlosborges.TodoRepositoryTest -testfailures C:\Users\CARLOS~1\AppData\Local\Temp\testFailures15902095073006809488.txt

Host: Pentium(R) Dual-Core CPU       T4500  @ 2.30GHz, 2 cores, 1G,  Windows 7 , 64 bit Build 7601 (6.1.7601.25740)
Time: Sat Apr  6 14:57:17 2024 Hora oficial do Brasil elapsed time: 41.703934 seconds (0d 0h 0m 41s)

---------------  T H R E A D  ---------------

Current thread (0x00000000004e6a10):  ConcurrentGCThread "G1 Conc#0" [stack: 0x00000000163a0000,0x00000000164a0000] [id=1524]

Stack: [0x00000000163a0000,0x00000000164a0000],  sp=0x000000001649f480,  free space=1021k
Native frames: (J=compiled Java code, j=interpreted, Vv=VM code, C=native code)
V  [jvm.dll+0x2d5862]
V  [jvm.dll+0x2d55af]
V  [jvm.dll+0x2d37dd]
V  [jvm.dll+0x2d3421]
V  [jvm.dll+0x2e8ede]
V  [jvm.dll+0x2e5641]
V  [jvm.dll+0x2e6f9c]
V  [jvm.dll+0x2e5f74]
V  [jvm.dll+0x2e9b06]
V  [jvm.dll+0x85de5b]
V  [jvm.dll+0x85dea6]
V  [jvm.dll+0x7e0cfa]
V  [jvm.dll+0x674d85]
C  [ucrtbase.DLL+0x1c1ae]
C  [kernel32.dll+0x155dd]
C  [ntdll.dll+0x5295d]


siginfo: EXCEPTION_ACCESS_VIOLATION (0xc0000005), reading address 0x00000000000000c0


Register to memory mapping:

RIP=0x000007feef255862 jvm.dll
RAX=0x00000000004c92c0 points into unknown readable memory: 0x0000000000000000 | 00 00 00 00 00 00 00 00
RBX=0x00000000004f02a0 points into unknown readable memory: 0x000007feef8d1e38 | 38 1e 8d ef fe 07 00 00
RCX=0x0000000000000014 is an unknown value
RDX=0x0 is NULL
RSP=0x000000001649f480 points into unknown readable memory: 0x00000000e22f18b8 | b8 18 2f e2 00 00 00 00
RBP=0x0 is NULL
RSI=0x00000000004dd6d0 points into unknown readable memory: 0x00000000004e3cd0 | d0 3c 4e 00 00 00 00 00
RDI=0x0000000000000040 is an unknown value
R8 =0x0000000000000040 is an unknown value
R9 =0x0 is NULL
R10=0x000000000000001a is an unknown value
R11=0x000000000000000a is an unknown value
R12=0x0 is NULL
R13=0xaaaaaaaaaaaaaaab is an unknown value
R14=0x0000000018ee3fb0 is pointing into metadata
R15=0x00000000e22fd928 is an oop: org.hibernate.validator.internal.util.ConcurrentReferenceHashMap 
{0x00000000e22fd928} - klass: 'org/hibernate/validator/internal/util/ConcurrentReferenceHashMap'
 - ---- fields (total size 6 words):
 - transient 'keySet' 'Ljava/util/Set;' @12  NULL (0)
 - transient 'values' 'Ljava/util/Collection;' @16  NULL (0)
 - final 'segmentMask' 'I' @20  15 (f)
 - final 'segmentShift' 'I' @24  28 (1c)
 - 'identityComparisons' 'Z' @28  false
 - final 'segments' '[Lorg/hibernate/validator/internal/util/ConcurrentReferenceHashMap$Segment;' @32  a 'org/hibernate/validator/internal/util/ConcurrentReferenceHashMap$Segment'[16] {0x00000000e22fd958} (e22fd958)
 - transient 'keySet' 'Ljava/util/Set;' @36  NULL (0)
 - transient 'entrySet' 'Ljava/util/Set;' @40  NULL (0)
 - transient 'values' 'Ljava/util/Collection;' @44  
[error occurred during error reporting (printing register info), id 0xc0000005, EXCEPTION_ACCESS_VIOLATION (0xc0000005) at pc=0x000007feef31054e]

Registers:
RAX=0x00000000004c92c0, RBX=0x00000000004f02a0, RCX=0x0000000000000014, RDX=0x0000000000000000
RSP=0x000000001649f480, RBP=0x0000000000000000, RSI=0x00000000004dd6d0, RDI=0x0000000000000040
R8 =0x0000000000000040, R9 =0x0000000000000000, R10=0x000000000000001a, R11=0x000000000000000a
R12=0x0000000000000000, R13=0xaaaaaaaaaaaaaaab, R14=0x0000000018ee3fb0, R15=0x00000000e22fd928
RIP=0x000007feef255862, EFLAGS=0x0000000000010246

Top of Stack: (sp=0x000000001649f480)
0x000000001649f480:   00000000e22f18b8 000007feef255928
0x000000001649f490:   0000000000000000 000000001649f650
0x000000001649f4a0:   0000000000000040 000007feef2555af
0x000000001649f4b0:   00000000004f02a0 000000001649f650
0x000000001649f4c0:   0000000018ee3fa8 000000001649f650
0x000000001649f4d0:   00000000e22fd958 000007feef2537dd
0x000000001649f4e0:   00000000e22fd954 000007feef253d9d
0x000000001649f4f0:   00000000e22fcda4 0000000018d86050
0x000000001649f500:   000000001649f610 0000000000000001
0x000000001649f510:   00000000e22fd928 000007feef253421
0x000000001649f520:   0000000018ee3b48 0000000000000006
0x000000001649f530:   000000001649f650 0000000000000000
0x000000001649f540:   00000000004f02a0 000007feef268ede
0x000000001649f550:   00000000e22fd928 00000000004dd6e0
0x000000001649f560:   000000001649f610 00000000004dd6e0
0x000000001649f570:   00000000e22fd928 000007feef265641 

Instructions: (pc=0x000007feef255862)
0x000007feef255762:   48 3b c8 75 ee 32 db 48 8b 6c 24 38 0f b6 c3 48
0x000007feef255772:   8b 5c 24 30 48 8b 74 24 40 48 83 c4 20 5f c3 80
0x000007feef255782:   3d a7 5a 89 00 00 b3 01 74 15 8b 57 08 8b 0d 53
0x000007feef255792:   9b 82 00 48 d3 e2 48 03 15 41 9b 82 00 eb 04 48
0x000007feef2557a2:   8b 57 08 48 8b cf e8 d3 71 d3 ff 4c 63 d8 48 8b
0x000007feef2557b2:   86 08 03 00 00 4c 8b 04 e8 49 8b 40 18 8b 88 c0
0x000007feef2557c2:   01 00 00 48 8b 90 b8 01 00 00 48 d3 e2 8b 0d 9b
0x000007feef2557d2:   63 89 00 48 2b fa 41 8b 50 60 48 d3 ef 44 8b d7
0x000007feef2557e2:   49 23 d2 48 c1 e2 04 49 03 50 40 8b 02 3b c7 74
0x000007feef2557f2:   2d 4c 8b 4a 08 4d 85 c9 74 0c 8b c8 49 8b 40 38
0x000007feef255802:   f0 4c 0f c1 0c c8 48 c7 42 08 00 00 00 00 44 89
0x000007feef255812:   12 49 ff 40 58 4c 01 5a 08 e9 49 ff ff ff 49 ff
0x000007feef255822:   40 50 4c 01 5a 08 e9 3c ff ff ff cc cc cc 48 89
0x000007feef255832:   6c 24 10 48 89 74 24 18 57 48 83 ec 20 48 8b 41
0x000007feef255842:   08 48 8b f1 4d 8b c8 8b ea 49 8b f8 8b 88 c0 01
0x000007feef255852:   00 00 48 8b 80 b0 01 00 00 49 d3 e9 4e 8b 0c c8
0x000007feef255862:   4d 3b 81 c0 00 00 00 72 12 32 c0 48 8b 6c 24 38
0x000007feef255872:   48 8b 74 24 40 48 83 c4 20 5f c3 48 89 5c 24 30
0x000007feef255882:   48 8b d7 48 8b 9e 98 00 00 00 48 8b cb 48 8b 03
0x000007feef255892:   ff 10 8b 4b 18 48 8b d7 48 2b 53 08 48 8b 43 20
0x000007feef2558a2:   48 c1 ea 03 48 d3 ea 48 8b ca 48 c1 e9 06 4c 8d
0x000007feef2558b2:   04 c8 0f b6 ca 49 8b 00 80 e1 3f ba 01 00 00 00
0x000007feef2558c2:   48 d3 e2 48 8b c8 48 0b ca 48 3b c8 74 12 f0 49
0x000007feef2558d2:   0f b1 08 74 25 48 8b c8 48 0b ca 48 3b c8 75 ee
0x000007feef2558e2:   32 db 48 8b 6c 24 38 0f b6 c3 48 8b 5c 24 30 48
0x000007feef2558f2:   8b 74 24 40 48 83 c4 20 5f c3 80 3d 2c 59 89 00
0x000007feef255902:   00 b3 01 74 15 8b 57 08 8b 0d d8 99 82 00 48 d3
0x000007feef255912:   e2 48 03 15 c6 99 82 00 eb 04 48 8b 57 08 48 8b
0x000007feef255922:   cf e8 58 70 d3 ff 4c 63 d8 48 8b 86 08 03 00 00
0x000007feef255932:   4c 8b 04 e8 49 8b 40 18 8b 88 c0 01 00 00 48 8b
0x000007feef255942:   90 b8 01 00 00 48 d3 e2 8b 0d 20 62 89 00 48 2b
0x000007feef255952:   fa 41 8b 50 60 48 d3 ef 44 8b d7 49 23 d2 48 c1 


Stack slot to memory mapping:
stack at sp + 0 slots: 0x00000000e22f18b8 is an oop: java.lang.invoke.MethodType$ConcurrentWeakInternSet$WeakEntry 
{0x00000000e22f18b8} - klass: 'java/lang/invoke/MethodType$ConcurrentWeakInternSet$WeakEntry'
 - ---- fields (total size 4 words):
 - private 'referent' 'Ljava/lang/Object;' @12  a 'java/lang/invoke/MethodType'{0x00000000e22f18d8} = (Lorg/springframework/data/repository/core/support/MethodLookup$MethodPredicate;Lorg/springframework/data/repository/core/support/MethodLookup$InvokedMethod;Ljava/lang/reflect/Method;)Z (e22f18d8)
 - volatile 'queue' 'Ljava/lang/ref/ReferenceQueue;' @16  a 'java/lang/ref/ReferenceQueue'{0x00000000e0d6f140} (e0d6f140)
 - volatile 'next' 'Ljava/lang/ref/Reference;' @20  NULL (0)
 - private transient 'discovered' 'Ljava/lang/ref/Reference;' @24  a 'java/lang/invoke/MethodType$ConcurrentWeakInternSet$WeakEntry'{0x00000000e22dd220} (e22dd220)
 - public final 'hashcode' 'I' @28  -423654594 (e6bf8b3e)
stack at sp + 1 slots: 0x000007feef255928 jvm.dll
stack at sp + 2 slots: 0x0 is NULL
stack at sp + 3 slots: 0x000000001649f650 points into unknown readable memory: 0x000007feef8d1e58 | 58 1e 8d ef fe 07 00 00
stack at sp + 4 slots: 0x0000000000000040 is an unknown value
stack at sp + 5 slots: 0x000007feef2555af jvm.dll
stack at sp + 6 slots: 0x00000000004f02a0 points into unknown readable memory: 0x000007feef8d1e38 | 38 1e 8d ef fe 07 00 00
stack at sp + 7 slots: 0x000000001649f650 points into unknown readable memory: 0x000007feef8d1e58 | 58 1e 8d ef fe 07 00 00


---------------  P R O C E S S  ---------------

Threads class SMR info:
_java_thread_list=0x000000005e286270, length=15, elements={
0x00000000004a9630, 0x00000000186aefe0, 0x0000000018a989c0, 0x0000000018ab6680,
0x0000000018ab6b50, 0x0000000018ab7440, 0x0000000018acb9f0, 0x0000000018acc6e0,
0x0000000018acd010, 0x0000000018ad5b10, 0x000000005a3da0c0, 0x000000005a3e7990,
0x000000005b14b8c0, 0x000000005c5313b0, 0x000000005b1fd430
}

Java Threads: ( => current thread )
  0x00000000004a9630 JavaThread "main" [_thread_in_native, id=664, stack(0x0000000001d20000,0x0000000001e20000)]
  0x00000000186aefe0 JavaThread "Reference Handler" daemon [_thread_blocked, id=3768, stack(0x0000000059680000,0x0000000059780000)]
  0x0000000018a989c0 JavaThread "Finalizer" daemon [_thread_blocked, id=4040, stack(0x0000000059880000,0x0000000059980000)]
  0x0000000018ab6680 JavaThread "Signal Dispatcher" daemon [_thread_blocked, id=4052, stack(0x0000000059b60000,0x0000000059c60000)]
  0x0000000018ab6b50 JavaThread "Attach Listener" daemon [_thread_blocked, id=376, stack(0x0000000059a10000,0x0000000059b10000)]
  0x0000000018ab7440 JavaThread "Service Thread" daemon [_thread_blocked, id=3004, stack(0x0000000059d90000,0x0000000059e90000)]
  0x0000000018acb9f0 JavaThread "Monitor Deflation Thread" daemon [_thread_blocked, id=3352, stack(0x0000000059ed0000,0x0000000059fd0000)]
  0x0000000018acc6e0 JavaThread "C2 CompilerThread0" daemon [_thread_in_native, id=1220, stack(0x000000005a050000,0x000000005a150000)]
  0x0000000018acd010 JavaThread "C1 CompilerThread0" daemon [_thread_blocked, id=2080, stack(0x000000005a160000,0x000000005a260000)]
  0x0000000018ad5b10 JavaThread "Sweeper thread" daemon [_thread_blocked, id=3856, stack(0x0000000059c70000,0x0000000059d70000)]
  0x000000005a3da0c0 JavaThread "Notification Thread" daemon [_thread_blocked, id=2208, stack(0x000000005a820000,0x000000005a920000)]
  0x000000005a3e7990 JavaThread "Common-Cleaner" daemon [_thread_blocked, id=3124, stack(0x000000005a720000,0x000000005a820000)]
  0x000000005b14b8c0 JavaThread "ReaderThread" [_thread_in_native, id=3908, stack(0x000000005b650000,0x000000005b750000)]
  0x000000005c5313b0 JavaThread "mysql-cj-abandoned-connection-cleanup" daemon [_thread_blocked, id=3624, stack(0x000000005e880000,0x000000005e980000)]
  0x000000005b1fd430 JavaThread "HikariPool-1 housekeeper" daemon [_thread_blocked, id=2968, stack(0x0000000061590000,0x0000000061690000)]

Other Threads:
  0x00000000186a5c30 VMThread "VM Thread" [stack: 0x0000000059550000,0x0000000059650000] [id=1212]
  0x00000000004f60a0 WatcherThread [stack: 0x000000005aa10000,0x000000005ab10000] [id=3276]
  0x00000000004dd1c0 GCTaskThread "GC Thread#0" [stack: 0x0000000016140000,0x0000000016240000] [id=3148]
  0x000000005a659b90 GCTaskThread "GC Thread#1" [stack: 0x0000000059780000,0x0000000059880000] [id=3628]
  0x00000000004e3cd0 ConcurrentGCThread "G1 Main Marker" [stack: 0x0000000016270000,0x0000000016370000] [id=3904]
=>0x00000000004e6a10 ConcurrentGCThread "G1 Conc#0" [stack: 0x00000000163a0000,0x00000000164a0000] [id=1524]
  0x000000000051cbe0 ConcurrentGCThread "G1 Refine#0" [stack: 0x0000000018780000,0x0000000018880000] [id=3672]
  0x000000000051d930 ConcurrentGCThread "G1 Service" [stack: 0x00000000188f0000,0x00000000189f0000] [id=3952]

Threads with active compile tasks:
C2 CompilerThread0    41924 5440   !   4       org.springframework.core.annotation.AnnotationsScanner::processClassHierarchy (234 bytes)

VM state: not at safepoint (normal execution)

VM Mutex/Monitor currently owned by a thread: None

Heap address: 0x00000000e0800000, size: 504 MB, Compressed Oops mode: 32-bit

CDS archive(s) not mapped
Compressed class space mapped at: 0x0000000018c00000-0x0000000058c00000, reserved size: 1073741824
Narrow klass base: 0x0000000000000000, Narrow klass shift: 0, Narrow klass range: 0x58c00000

GC Precious Log:
 CPUs: 2 total, 2 available
 Memory: 2013M
 Large Page Support: Disabled
 NUMA Support: Disabled
 Compressed Oops: Enabled (32-bit)
 Heap Region Size: 1M
 Heap Min Capacity: 8M
 Heap Initial Capacity: 32M
 Heap Max Capacity: 504M
 Pre-touch: Disabled
 Parallel Workers: 2
 Concurrent Workers: 1
 Concurrent Refinement Workers: 2
 Periodic GC: Disabled

Heap:
 garbage-first heap   total 51200K, used 32061K [0x00000000e0800000, 0x0000000100000000)
  region size 1024K, 4 young (4096K), 2 survivors (2048K)
 Metaspace       used 76234K, committed 76736K, reserved 1122304K
  class space    used 10097K, committed 10304K, reserved 1048576K

Heap Regions: E=young(eden), S=young(survivor), O=old, HS=humongous(starts), HC=humongous(continues), CS=collection set, F=free, OA=open archive, CA=closed archive, TAMS=top-at-mark-start (previous, next)
|   0|0x00000000e0800000, 0x00000000e0900000, 0x00000000e0900000|100%|HS|  |TAMS 0x00000000e0900000, 0x00000000e0900000| Complete 
|   1|0x00000000e0900000, 0x00000000e0a00000, 0x00000000e0a00000|100%| O|  |TAMS 0x00000000e0a00000, 0x00000000e0a00000| Untracked 
|   2|0x00000000e0a00000, 0x00000000e0b00000, 0x00000000e0b00000|100%| O|  |TAMS 0x00000000e0b00000, 0x00000000e0b00000| Untracked 
|   3|0x00000000e0b00000, 0x00000000e0c00000, 0x00000000e0c00000|100%| O|  |TAMS 0x00000000e0c00000, 0x00000000e0c00000| Untracked 
|   4|0x00000000e0c00000, 0x00000000e0d00000, 0x00000000e0d00000|100%| O|  |TAMS 0x00000000e0d00000, 0x00000000e0d00000| Untracked 
|   5|0x00000000e0d00000, 0x00000000e0e00000, 0x00000000e0e00000|100%| O|  |TAMS 0x00000000e0e00000, 0x00000000e0e00000| Untracked 
|   6|0x00000000e0e00000, 0x00000000e0f00000, 0x00000000e0f00000|100%| O|  |TAMS 0x00000000e0f00000, 0x00000000e0f00000| Untracked 
|   7|0x00000000e0f00000, 0x00000000e1000000, 0x00000000e1000000|100%| O|  |TAMS 0x00000000e1000000, 0x00000000e1000000| Untracked 
|   8|0x00000000e1000000, 0x00000000e1100000, 0x00000000e1100000|100%| O|  |TAMS 0x00000000e1100000, 0x00000000e1100000| Untracked 
|   9|0x00000000e1100000, 0x00000000e1200000, 0x00000000e1200000|100%| O|  |TAMS 0x00000000e1200000, 0x00000000e1200000| Untracked 
|  10|0x00000000e1200000, 0x00000000e1300000, 0x00000000e1300000|100%| O|  |TAMS 0x00000000e1300000, 0x00000000e1300000| Untracked 
|  11|0x00000000e1300000, 0x00000000e1400000, 0x00000000e1400000|100%| O|  |TAMS 0x00000000e1400000, 0x00000000e1400000| Untracked 
|  12|0x00000000e1400000, 0x00000000e1500000, 0x00000000e1500000|100%| O|  |TAMS 0x00000000e1500000, 0x00000000e1500000| Untracked 
|  13|0x00000000e1500000, 0x00000000e1600000, 0x00000000e1600000|100%| O|  |TAMS 0x00000000e1600000, 0x00000000e1600000| Untracked 
|  14|0x00000000e1600000, 0x00000000e1700000, 0x00000000e1700000|100%| O|  |TAMS 0x00000000e1700000, 0x00000000e1700000| Untracked 
|  15|0x00000000e1700000, 0x00000000e1800000, 0x00000000e1800000|100%| O|  |TAMS 0x00000000e1800000, 0x00000000e1800000| Untracked 
|  16|0x00000000e1800000, 0x00000000e1900000, 0x00000000e1900000|100%| O|  |TAMS 0x00000000e1900000, 0x00000000e1900000| Untracked 
|  17|0x00000000e1900000, 0x00000000e1a00000, 0x00000000e1a00000|100%| O|  |TAMS 0x00000000e1a00000, 0x00000000e1a00000| Untracked 
|  18|0x00000000e1a00000, 0x00000000e1b00000, 0x00000000e1b00000|100%| O|  |TAMS 0x00000000e1b00000, 0x00000000e1b00000| Untracked 
|  19|0x00000000e1b00000, 0x00000000e1c00000, 0x00000000e1c00000|100%| O|  |TAMS 0x00000000e1c00000, 0x00000000e1c00000| Untracked 
|  20|0x00000000e1c00000, 0x00000000e1d00000, 0x00000000e1d00000|100%| O|  |TAMS 0x00000000e1d00000, 0x00000000e1d00000| Untracked 
|  21|0x00000000e1d00000, 0x00000000e1e00000, 0x00000000e1e00000|100%| O|  |TAMS 0x00000000e1e00000, 0x00000000e1e00000| Untracked 
|  22|0x00000000e1e00000, 0x00000000e1f00000, 0x00000000e1f00000|100%| O|  |TAMS 0x00000000e1f00000, 0x00000000e1f00000| Untracked 
|  23|0x00000000e1f00000, 0x00000000e2000000, 0x00000000e2000000|100%| O|  |TAMS 0x00000000e2000000, 0x00000000e2000000| Untracked 
|  24|0x00000000e2000000, 0x00000000e2100000, 0x00000000e2100000|100%| O|  |TAMS 0x00000000e2100000, 0x00000000e2100000| Untracked 
|  25|0x00000000e2100000, 0x00000000e2200000, 0x00000000e2200000|100%| O|  |TAMS 0x00000000e2200000, 0x00000000e2200000| Untracked 
|  26|0x00000000e2200000, 0x00000000e2300000, 0x00000000e2300000|100%| O|  |TAMS 0x00000000e2259c00, 0x00000000e2300000| Untracked 
|  27|0x00000000e2300000, 0x00000000e2400000, 0x00000000e2400000|100%| O|  |TAMS 0x00000000e2300000, 0x00000000e23fa200| Untracked 
|  28|0x00000000e2400000, 0x00000000e244f600, 0x00000000e2500000| 31%| O|  |TAMS 0x00000000e2400000, 0x00000000e2400000| Untracked 
|  29|0x00000000e2500000, 0x00000000e2500000, 0x00000000e2600000|  0%| F|  |TAMS 0x00000000e2500000, 0x00000000e2500000| Untracked 
|  30|0x00000000e2600000, 0x00000000e2600000, 0x00000000e2700000|  0%| F|  |TAMS 0x00000000e2600000, 0x00000000e2600000| Untracked 
|  31|0x00000000e2700000, 0x00000000e2700000, 0x00000000e2800000|  0%| F|  |TAMS 0x00000000e2700000, 0x00000000e2700000| Untracked 
|  32|0x00000000e2800000, 0x00000000e2800000, 0x00000000e2900000|  0%| F|  |TAMS 0x00000000e2800000, 0x00000000e2800000| Untracked 
|  33|0x00000000e2900000, 0x00000000e2900000, 0x00000000e2a00000|  0%| F|  |TAMS 0x00000000e2900000, 0x00000000e2900000| Untracked 
|  34|0x00000000e2a00000, 0x00000000e2b00000, 0x00000000e2b00000|100%| S|CS|TAMS 0x00000000e2a00000, 0x00000000e2a00000| Complete 
|  35|0x00000000e2b00000, 0x00000000e2c00000, 0x00000000e2c00000|100%| S|CS|TAMS 0x00000000e2b00000, 0x00000000e2b00000| Complete 
|  36|0x00000000e2c00000, 0x00000000e2c00000, 0x00000000e2d00000|  0%| F|  |TAMS 0x00000000e2c00000, 0x00000000e2c00000| Untracked 
|  37|0x00000000e2d00000, 0x00000000e2d00000, 0x00000000e2e00000|  0%| F|  |TAMS 0x00000000e2d00000, 0x00000000e2d00000| Untracked 
|  38|0x00000000e2e00000, 0x00000000e2e00000, 0x00000000e2f00000|  0%| F|  |TAMS 0x00000000e2e00000, 0x00000000e2e00000| Untracked 
|  39|0x00000000e2f00000, 0x00000000e2f00000, 0x00000000e3000000|  0%| F|  |TAMS 0x00000000e2f00000, 0x00000000e2f00000| Untracked 
|  40|0x00000000e3000000, 0x00000000e3000000, 0x00000000e3100000|  0%| F|  |TAMS 0x00000000e3000000, 0x00000000e3000000| Untracked 
|  41|0x00000000e3100000, 0x00000000e3100000, 0x00000000e3200000|  0%| F|  |TAMS 0x00000000e3100000, 0x00000000e3100000| Untracked 
|  42|0x00000000e3200000, 0x00000000e3200000, 0x00000000e3300000|  0%| F|  |TAMS 0x00000000e3200000, 0x00000000e3200000| Untracked 
|  43|0x00000000e3300000, 0x00000000e3300000, 0x00000000e3400000|  0%| F|  |TAMS 0x00000000e3300000, 0x00000000e3300000| Untracked 
|  44|0x00000000e3400000, 0x00000000e3400000, 0x00000000e3500000|  0%| F|  |TAMS 0x00000000e3400000, 0x00000000e3400000| Untracked 
|  45|0x00000000e3500000, 0x00000000e3500000, 0x00000000e3600000|  0%| F|  |TAMS 0x00000000e3500000, 0x00000000e3500000| Untracked 
|  46|0x00000000e3600000, 0x00000000e3600000, 0x00000000e3700000|  0%| F|  |TAMS 0x00000000e3600000, 0x00000000e3600000| Untracked 
|  47|0x00000000e3700000, 0x00000000e3700000, 0x00000000e3800000|  0%| F|  |TAMS 0x00000000e3700000, 0x00000000e3700000| Untracked 
|  48|0x00000000e3800000, 0x00000000e38dfd18, 0x00000000e3900000| 87%| E|  |TAMS 0x00000000e3800000, 0x00000000e3800000| Complete 
|  49|0x00000000e3900000, 0x00000000e3a00000, 0x00000000e3a00000|100%| E|CS|TAMS 0x00000000e3900000, 0x00000000e3900000| Complete 

Card table byte_map: [0x0000000014e10000,0x0000000014f10000] _byte_map_base: 0x000000001470c000

Marking Bits (Prev, Next): (CMBitMap*) 0x00000000004dd720, (CMBitMap*) 0x00000000004dd6e0
 Prev Bits: [0x00000000157f0000, 0x0000000015fd0000)
 Next Bits: [0x0000000015010000, 0x00000000157f0000)

Polling page: 0x0000000000120000

Metaspace:

Usage:
  Non-class:     64.59 MB used.
      Class:      9.86 MB used.
       Both:     74.45 MB used.

Virtual space:
  Non-class space:       72.00 MB reserved,      64.88 MB ( 90%) committed,  9 nodes.
      Class space:        1.00 GB reserved,      10.06 MB ( <1%) committed,  1 nodes.
             Both:        1.07 GB reserved,      74.94 MB (  7%) committed. 

Chunk freelists:
   Non-Class:  2.97 MB
       Class:  1.95 MB
        Both:  4.92 MB

MaxMetaspaceSize: unlimited
CompressedClassSpaceSize: 1.00 GB
Initial GC threshold: 21.00 MB
Current GC threshold: 119.63 MB
CDS: off
MetaspaceReclaimPolicy: balanced
 - commit_granule_bytes: 65536.
 - commit_granule_words: 8192.
 - virtual_space_node_default_size: 1048576.
 - enlarge_chunks_in_place: 1.
 - new_chunks_are_fully_committed: 0.
 - uncommit_free_chunks: 1.
 - use_allocation_guard: 0.
 - handle_deallocations: 1.


Internal statistics:

num_allocs_failed_limit: 6.
num_arena_births: 600.
num_arena_deaths: 0.
num_vsnodes_births: 10.
num_vsnodes_deaths: 0.
num_space_committed: 1199.
num_space_uncommitted: 0.
num_chunks_returned_to_freelist: 6.
num_chunks_taken_from_freelist: 2955.
num_chunk_merges: 6.
num_chunk_splits: 2160.
num_chunks_enlarged: 1737.
num_purges: 0.
num_inconsistent_stats: 0.

CodeHeap 'non-profiled nmethods': size=120064Kb used=2887Kb max_used=2887Kb free=117176Kb
 bounds [0x000000000d3d0000, 0x000000000d6d0000, 0x0000000014910000]
CodeHeap 'profiled nmethods': size=120000Kb used=9161Kb max_used=10383Kb free=110838Kb
 bounds [0x0000000005ea0000, 0x00000000068d0000, 0x000000000d3d0000]
CodeHeap 'non-nmethods': size=5696Kb used=1331Kb max_used=1378Kb free=4364Kb
 bounds [0x0000000005910000, 0x0000000005b80000, 0x0000000005ea0000]
 total_blobs=5403 nmethods=4739 adapters=576
 compilation: enabled
              stopped_count=0, restarted_count=0
 full_count=0

Compilation events (20 events):
Event: 41.199 Thread 0x0000000018acd010 5586       2       org.springframework.beans.factory.annotation.AutowiredAnnotationBeanPostProcessor$$Lambda$911/0x0000000019133b38::<init> (20 bytes)
Event: 41.199 Thread 0x0000000018acd010 nmethod 5586 0x0000000006055e10 code [0x0000000006055fa0, 0x00000000060561b8]
Event: 41.199 Thread 0x0000000018acd010 5587   !   2       org.springframework.beans.factory.annotation.AutowiredAnnotationBeanPostProcessor::sortMethodElements (240 bytes)
Event: 41.201 Thread 0x0000000018acd010 nmethod 5587 0x0000000005eb2e90 code [0x0000000005eb31a0, 0x0000000005eb3c18]
Event: 41.202 Thread 0x0000000018acd010 5588       2       org.springframework.util.ReflectionUtils::doWithFields (7 bytes)
Event: 41.202 Thread 0x0000000018acd010 nmethod 5588 0x0000000005eb2b10 code [0x0000000005eb2ca0, 0x0000000005eb2da8]
Event: 41.206 Thread 0x0000000018acd010 5589       2       org.springframework.beans.factory.annotation.InitDestroyAnnotationBeanPostProcessor$$Lambda$907/0x00000000191332b8::<init> (26 bytes)
Event: 41.207 Thread 0x0000000018acd010 nmethod 5589 0x0000000006055990 code [0x0000000006055b20, 0x0000000006055d98]
Event: 41.235 Thread 0x0000000018acd010 5590       1       org.springframework.boot.context.properties.ConfigurationPropertiesBinder$ConfigurationPropertiesBinderFactory::getObjectType (3 bytes)
Event: 41.235 Thread 0x0000000018acd010 nmethod 5590 0x000000000d478390 code [0x000000000d478520, 0x000000000d4785f8]
Event: 41.252 Thread 0x0000000018acd010 5592       2       java.lang.invoke.InvokerBytecodeGenerator::addMethod (725 bytes)
Event: 41.255 Thread 0x0000000018acd010 nmethod 5592 0x00000000063dad90 code [0x00000000063db160, 0x00000000063dbdf8]
Event: 41.288 Thread 0x0000000018acd010 5594   !   2       jdk.proxy1.$Proxy28::annotationType (29 bytes)
Event: 41.288 Thread 0x0000000018acd010 nmethod 5594 0x00000000063da610 code [0x00000000063da7c0, 0x00000000063daa38]
Event: 41.289 Thread 0x0000000018acd010 5595       2       org.springframework.boot.context.properties.ConfigurationPropertiesBean::findMergedAnnotation (24 bytes)
Event: 41.290 Thread 0x0000000018acd010 nmethod 5595 0x0000000006055510 code [0x00000000060556c0, 0x0000000006055858]
Event: 41.300 Thread 0x0000000018acd010 5596       2       org.springframework.core.annotation.TypeMappedAnnotations::get (52 bytes)
Event: 41.300 Thread 0x0000000018acd010 nmethod 5596 0x0000000006054f10 code [0x00000000060550e0, 0x00000000060553a8]
Event: 41.301 Thread 0x0000000018acd010 5597       2       org.springframework.aop.scope.ScopedProxyUtils::isScopedTarget (19 bytes)
Event: 41.302 Thread 0x0000000018acd010 nmethod 5597 0x0000000005eb2710 code [0x0000000005eb28a0, 0x0000000005eb29e8]

GC Heap History (20 events):
Event: 29.198 GC heap before
{Heap before GC invocations=28 (full 0):
 garbage-first heap   total 43008K, used 32408K [0x00000000e0800000, 0x0000000100000000)
  region size 1024K, 10 young (10240K), 1 survivors (1024K)
 Metaspace       used 57189K, committed 57664K, reserved 1105920K
  class space    used 7306K, committed 7552K, reserved 1048576K
}
Event: 29.203 GC heap after
{Heap after GC invocations=29 (full 0):
 garbage-first heap   total 43008K, used 24299K [0x00000000e0800000, 0x0000000100000000)
  region size 1024K, 1 young (1024K), 1 survivors (1024K)
 Metaspace       used 57189K, committed 57664K, reserved 1105920K
  class space    used 7306K, committed 7552K, reserved 1048576K
}
Event: 29.697 GC heap before
{Heap before GC invocations=29 (full 0):
 garbage-first heap   total 43008K, used 33515K [0x00000000e0800000, 0x0000000100000000)
  region size 1024K, 11 young (11264K), 1 survivors (1024K)
 Metaspace       used 59226K, committed 59712K, reserved 1105920K
  class space    used 7561K, committed 7808K, reserved 1048576K
}
Event: 29.703 GC heap after
{Heap after GC invocations=30 (full 0):
 garbage-first heap   total 43008K, used 24646K [0x00000000e0800000, 0x0000000100000000)
  region size 1024K, 2 young (2048K), 2 survivors (2048K)
 Metaspace       used 59226K, committed 59712K, reserved 1105920K
  class space    used 7561K, committed 7808K, reserved 1048576K
}
Event: 30.241 GC heap before
{Heap before GC invocations=31 (full 0):
 garbage-first heap   total 46080K, used 33862K [0x00000000e0800000, 0x0000000100000000)
  region size 1024K, 12 young (12288K), 2 survivors (2048K)
 Metaspace       used 61613K, committed 62016K, reserved 1105920K
  class space    used 7876K, committed 8064K, reserved 1048576K
}
Event: 30.247 GC heap after
{Heap after GC invocations=32 (full 0):
 garbage-first heap   total 46080K, used 25024K [0x00000000e0800000, 0x0000000100000000)
  region size 1024K, 2 young (2048K), 2 survivors (2048K)
 Metaspace       used 61613K, committed 62016K, reserved 1105920K
  class space    used 7876K, committed 8064K, reserved 1048576K
}
Event: 31.185 GC heap before
{Heap before GC invocations=32 (full 0):
 garbage-first heap   total 46080K, used 37312K [0x00000000e0800000, 0x0000000100000000)
  region size 1024K, 14 young (14336K), 2 survivors (2048K)
 Metaspace       used 65499K, committed 65920K, reserved 1114112K
  class space    used 8580K, committed 8768K, reserved 1048576K
}
Event: 31.195 GC heap after
{Heap after GC invocations=33 (full 0):
 garbage-first heap   total 46080K, used 25575K [0x00000000e0800000, 0x0000000100000000)
  region size 1024K, 2 young (2048K), 2 survivors (2048K)
 Metaspace       used 65499K, committed 65920K, reserved 1114112K
  class space    used 8580K, committed 8768K, reserved 1048576K
}
Event: 32.222 GC heap before
{Heap before GC invocations=34 (full 0):
 garbage-first heap   total 46080K, used 36839K [0x00000000e0800000, 0x0000000100000000)
  region size 1024K, 14 young (14336K), 2 survivors (2048K)
 Metaspace       used 68399K, committed 68864K, reserved 1114112K
  class space    used 9058K, committed 9280K, reserved 1048576K
}
Event: 32.230 GC heap after
{Heap after GC invocations=35 (full 0):
 garbage-first heap   total 46080K, used 25933K [0x00000000e0800000, 0x0000000100000000)
  region size 1024K, 2 young (2048K), 2 survivors (2048K)
 Metaspace       used 68399K, committed 68864K, reserved 1114112K
  class space    used 9058K, committed 9280K, reserved 1048576K
}
Event: 34.232 GC heap before
{Heap before GC invocations=35 (full 0):
 garbage-first heap   total 46080K, used 38221K [0x00000000e0800000, 0x0000000100000000)
  region size 1024K, 14 young (14336K), 2 survivors (2048K)
 Metaspace       used 70759K, committed 71232K, reserved 1114112K
  class space    used 9319K, committed 9536K, reserved 1048576K
}
Event: 34.248 GC heap after
{Heap after GC invocations=36 (full 0):
 garbage-first heap   total 46080K, used 27087K [0x00000000e0800000, 0x0000000100000000)
  region size 1024K, 2 young (2048K), 2 survivors (2048K)
 Metaspace       used 70759K, committed 71232K, reserved 1114112K
  class space    used 9319K, committed 9536K, reserved 1048576K
}
Event: 34.936 GC heap before
{Heap before GC invocations=37 (full 0):
 garbage-first heap   total 48128K, used 36303K [0x00000000e0800000, 0x0000000100000000)
  region size 1024K, 12 young (12288K), 2 survivors (2048K)
 Metaspace       used 71717K, committed 72192K, reserved 1114112K
  class space    used 9504K, committed 9728K, reserved 1048576K
}
Event: 34.947 GC heap after
{Heap after GC invocations=38 (full 0):
 garbage-first heap   total 48128K, used 27856K [0x00000000e0800000, 0x0000000100000000)
  region size 1024K, 1 young (1024K), 1 survivors (1024K)
 Metaspace       used 71717K, committed 72192K, reserved 1114112K
  class space    used 9504K, committed 9728K, reserved 1048576K
}
Event: 36.562 GC heap before
{Heap before GC invocations=38 (full 0):
 garbage-first heap   total 48128K, used 39120K [0x00000000e0800000, 0x0000000100000000)
  region size 1024K, 12 young (12288K), 1 survivors (1024K)
 Metaspace       used 72958K, committed 73472K, reserved 1114112K
  class space    used 9675K, committed 9920K, reserved 1048576K
}
Event: 36.571 GC heap after
{Heap after GC invocations=39 (full 0):
 garbage-first heap   total 48128K, used 28789K [0x00000000e0800000, 0x0000000100000000)
  region size 1024K, 2 young (2048K), 2 survivors (2048K)
 Metaspace       used 72958K, committed 73472K, reserved 1114112K
  class space    used 9675K, committed 9920K, reserved 1048576K
}
Event: 39.621 GC heap before
{Heap before GC invocations=40 (full 0):
 garbage-first heap   total 51200K, used 39029K [0x00000000e0800000, 0x0000000100000000)
  region size 1024K, 12 young (12288K), 2 survivors (2048K)
 Metaspace       used 73982K, committed 74432K, reserved 1114112K
  class space    used 9800K, committed 9984K, reserved 1048576K
}
Event: 39.638 GC heap after
{Heap after GC invocations=41 (full 0):
 garbage-first heap   total 51200K, used 29534K [0x00000000e0800000, 0x0000000100000000)
  region size 1024K, 1 young (1024K), 1 survivors (1024K)
 Metaspace       used 73982K, committed 74432K, reserved 1114112K
  class space    used 9800K, committed 9984K, reserved 1048576K
}
Event: 41.355 GC heap before
{Heap before GC invocations=41 (full 0):
 garbage-first heap   total 51200K, used 42846K [0x00000000e0800000, 0x0000000100000000)
  region size 1024K, 14 young (14336K), 1 survivors (1024K)
 Metaspace       used 75903K, committed 76352K, reserved 1122304K
  class space    used 10056K, committed 10240K, reserved 1048576K
}
Event: 41.366 GC heap after
{Heap after GC invocations=42 (full 0):
 garbage-first heap   total 51200K, used 31037K [0x00000000e0800000, 0x0000000100000000)
  region size 1024K, 2 young (2048K), 2 survivors (2048K)
 Metaspace       used 75903K, committed 76352K, reserved 1122304K
  class space    used 10056K, committed 10240K, reserved 1048576K
}

Deoptimization events (20 events):
Event: 41.080 Thread 0x00000000004a9630 Uncommon trap: trap_request=0xffffffde fr.pc=0x000000000d6572bc relative=0x00000000000004bc
Event: 41.080 Thread 0x00000000004a9630 Uncommon trap: reason=class_check action=maybe_recompile pc=0x000000000d6572bc method=java.util.regex.Matcher.search(I)Z @ 121 c2
Event: 41.080 Thread 0x00000000004a9630 DEOPT PACKING pc=0x000000000d6572bc sp=0x0000000001e1b590
Event: 41.080 Thread 0x00000000004a9630 DEOPT UNPACKING pc=0x000000000596239d sp=0x0000000001e1b540 mode 2
Event: 41.080 Thread 0x00000000004a9630 Uncommon trap: trap_request=0xffffffde fr.pc=0x000000000d6572bc relative=0x00000000000004bc
Event: 41.080 Thread 0x00000000004a9630 Uncommon trap: reason=class_check action=maybe_recompile pc=0x000000000d6572bc method=java.util.regex.Matcher.search(I)Z @ 121 c2
Event: 41.080 Thread 0x00000000004a9630 DEOPT PACKING pc=0x000000000d6572bc sp=0x0000000001e1b590
Event: 41.080 Thread 0x00000000004a9630 DEOPT UNPACKING pc=0x000000000596239d sp=0x0000000001e1b540 mode 2
Event: 41.080 Thread 0x00000000004a9630 Uncommon trap: trap_request=0xffffffde fr.pc=0x000000000d6572bc relative=0x00000000000004bc
Event: 41.080 Thread 0x00000000004a9630 Uncommon trap: reason=class_check action=maybe_recompile pc=0x000000000d6572bc method=java.util.regex.Matcher.search(I)Z @ 121 c2
Event: 41.081 Thread 0x00000000004a9630 DEOPT PACKING pc=0x000000000d6572bc sp=0x0000000001e1b590
Event: 41.081 Thread 0x00000000004a9630 DEOPT UNPACKING pc=0x000000000596239d sp=0x0000000001e1b540 mode 2
Event: 41.092 Thread 0x00000000004a9630 Uncommon trap: trap_request=0xffffff45 fr.pc=0x000000000d5211f4 relative=0x00000000000000d4
Event: 41.092 Thread 0x00000000004a9630 Uncommon trap: reason=unstable_if action=reinterpret pc=0x000000000d5211f4 method=org.springframework.util.ObjectUtils.nullSafeEquals(Ljava/lang/Object;Ljava/lang/Object;)Z @ 12 c2
Event: 41.092 Thread 0x00000000004a9630 DEOPT PACKING pc=0x000000000d5211f4 sp=0x0000000001e1b4e0
Event: 41.092 Thread 0x00000000004a9630 DEOPT UNPACKING pc=0x000000000596239d sp=0x0000000001e1b480 mode 2
Event: 41.299 Thread 0x00000000004a9630 Uncommon trap: trap_request=0xffffff45 fr.pc=0x000000000d495410 relative=0x0000000000004850
Event: 41.299 Thread 0x00000000004a9630 Uncommon trap: reason=unstable_if action=reinterpret pc=0x000000000d495410 method=org.springframework.core.annotation.TypeMappedAnnotations$MergedAnnotationFinder.process(Ljava/lang/Object;ILjava/lang/Object;Ljava/lang/annotation/Annotation;)Lorg/springfr
Event: 41.299 Thread 0x00000000004a9630 DEOPT PACKING pc=0x000000000d495410 sp=0x0000000001e1b9d0
Event: 41.299 Thread 0x00000000004a9630 DEOPT UNPACKING pc=0x000000000596239d sp=0x0000000001e1b500 mode 2

Classes unloaded (0 events):
No events

Classes redefined (0 events):
No events

Internal exceptions (20 events):
Event: 32.122 Thread 0x00000000004a9630 Exception <a 'java/lang/NoSuchMethodError'{0x00000000e2a96ed8}: 'java.lang.Object java.lang.invoke.DirectMethodHandle$Holder.newInvokeSpecial(java.lang.Object, java.lang.Object, java.lang.Object, java.lang.Object, java.lang.Object, java.lang.Object, java.lang.Object, int)'> (0x00000000e2a96ed8) 
thrown [e:\jenkins\tmp\workspace\build\src\src\hotspot\share\interpreter\linkResolver.cpp, line 766]
Event: 32.123 Thread 0x00000000004a9630 Exception <a 'java/lang/NoSuchMethodError'{0x00000000e2a9c6c8}: 'java.lang.Object java.lang.invoke.DirectMethodHandle$Holder.invokeSpecial(java.lang.Object, java.lang.Object, java.lang.Object, java.lang.Object, java.lang.Object, java.lang.Object, java.lang.Object, java.lang.Object, int)'> (0x00000000e2a9c6c8) 
thrown [e:\jenkins\tmp\workspace\build\src\src\hotspot\share\interpreter\linkResolver.cpp, line 766]
Event: 32.124 Thread 0x00000000004a9630 Exception <a 'java/lang/NoSuchMethodError'{0x00000000e2aa1988}: 'java.lang.Object java.lang.invoke.Invokers$Holder.linkToTargetMethod(java.lang.Object, java.lang.Object, java.lang.Object, java.lang.Object, java.lang.Object, java.lang.Object, int, java.lang.Object)'> (0x00000000e2aa1988) 
thrown [e:\jenkins\tmp\workspace\build\src\src\hotspot\share\interpreter\linkResolver.cpp, line 766]
Event: 33.993 Thread 0x00000000004a9630 Exception <a 'java/lang/IncompatibleClassChangeError'{0x00000000e2dd1b50}: Found class java.lang.Object, but interface was expected> (0x00000000e2dd1b50) 
thrown [e:\jenkins\tmp\workspace\build\src\src\hotspot\share\interpreter\linkResolver.cpp, line 833]
Event: 34.028 Thread 0x00000000004a9630 Exception <a 'java/lang/IncompatibleClassChangeError'{0x00000000e2c54c38}: Found class java.lang.Object, but interface was expected> (0x00000000e2c54c38) 
thrown [e:\jenkins\tmp\workspace\build\src\src\hotspot\share\interpreter\linkResolver.cpp, line 833]
Event: 34.117 Thread 0x00000000004a9630 Exception <a 'java/lang/IncompatibleClassChangeError'{0x00000000e2bd7810}: Found class java.lang.Object, but interface was expected> (0x00000000e2bd7810) 
thrown [e:\jenkins\tmp\workspace\build\src\src\hotspot\share\interpreter\linkResolver.cpp, line 833]
Event: 34.634 Thread 0x00000000004a9630 Exception <a 'java/lang/IncompatibleClassChangeError'{0x00000000e3240bc0}: Found class java.lang.Object, but interface was expected> (0x00000000e3240bc0) 
thrown [e:\jenkins\tmp\workspace\build\src\src\hotspot\share\interpreter\linkResolver.cpp, line 833]
Event: 34.653 Thread 0x00000000004a9630 Exception <a 'java/lang/NoSuchMethodError'{0x00000000e3284338}: 'void java.lang.invoke.DirectMethodHandle$Holder.invokeSpecial(java.lang.Object, java.lang.Object, java.lang.Object, java.lang.Object, java.lang.Object, java.lang.Object, java.lang.Object)'> (0x00000000e3284338) 
thrown [e:\jenkins\tmp\workspace\build\src\src\hotspot\share\interpreter\linkResolver.cpp, line 766]
Event: 35.878 Thread 0x00000000004a9630 Exception <a 'java/lang/NoSuchMethodError'{0x00000000e331f2c0}: 'void java.lang.invoke.DirectMethodHandle$Holder.invokeInterface(java.lang.Object, java.lang.Object, int)'> (0x00000000e331f2c0) 
thrown [e:\jenkins\tmp\workspace\build\src\src\hotspot\share\interpreter\linkResolver.cpp, line 766]
Event: 35.900 Thread 0x00000000004a9630 Exception <a 'java/lang/IncompatibleClassChangeError'{0x00000000e3370078}: Found class java.lang.Object, but interface was expected> (0x00000000e3370078) 
thrown [e:\jenkins\tmp\workspace\build\src\src\hotspot\share\interpreter\linkResolver.cpp, line 833]
Event: 35.906 Thread 0x00000000004a9630 Exception <a 'java/lang/NoSuchMethodError'{0x00000000e3381188}: 'int java.lang.invoke.DirectMethodHandle$Holder.invokeSpecialIFC(java.lang.Object, java.lang.Object, java.lang.Object)'> (0x00000000e3381188) 
thrown [e:\jenkins\tmp\workspace\build\src\src\hotspot\share\interpreter\linkResolver.cpp, line 766]
Event: 35.909 Thread 0x00000000004a9630 Exception <a 'java/lang/NoSuchMethodError'{0x00000000e338f3d0}: 'void java.lang.invoke.DirectMethodHandle$Holder.invokeStatic(java.lang.Object, int, java.lang.Object)'> (0x00000000e338f3d0) 
thrown [e:\jenkins\tmp\workspace\build\src\src\hotspot\share\interpreter\linkResolver.cpp, line 766]
Event: 36.268 Thread 0x00000000004a9630 Exception <a 'sun/nio/fs/WindowsException'{0x00000000e30cd988}> (0x00000000e30cd988) 
thrown [e:\jenkins\tmp\workspace\build\src\src\hotspot\share\prims\jni.cpp, line 516]
Event: 36.270 Thread 0x00000000004a9630 Exception <a 'sun/nio/fs/WindowsException'{0x00000000e30d1510}> (0x00000000e30d1510) 
thrown [e:\jenkins\tmp\workspace\build\src\src\hotspot\share\prims\jni.cpp, line 516]
Event: 38.167 Thread 0x00000000004a9630 Exception <a 'java/lang/NoSuchMethodError'{0x00000000e378e0e8}: 'int java.lang.invoke.DirectMethodHandle$Holder.invokeStatic(java.lang.Object, java.lang.Object, int)'> (0x00000000e378e0e8) 
thrown [e:\jenkins\tmp\workspace\build\src\src\hotspot\share\interpreter\linkResolver.cpp, line 766]
Event: 40.531 Thread 0x00000000004a9630 Implicit null exception at 0x000000000d60aa9b to 0x000000000d60b198
Event: 40.995 Thread 0x00000000004a9630 Exception <a 'java/lang/IncompatibleClassChangeError'{0x00000000e30cea10}: Found class java.lang.Object, but interface was expected> (0x00000000e30cea10) 
thrown [e:\jenkins\tmp\workspace\build\src\src\hotspot\share\interpreter\linkResolver.cpp, line 833]
Event: 41.092 Thread 0x00000000004a9630 Implicit null exception at 0x000000000d521139 to 0x000000000d5211e2
Event: 41.251 Thread 0x00000000004a9630 Exception <a 'java/lang/NoSuchMethodError'{0x00000000e2d902f8}: 'void java.lang.invoke.DirectMethodHandle$Holder.invokeVirtual(java.lang.Object, java.lang.Object, int)'> (0x00000000e2d902f8) 
thrown [e:\jenkins\tmp\workspace\build\src\src\hotspot\share\interpreter\linkResolver.cpp, line 766]
Event: 41.266 Thread 0x00000000004a9630 Exception <a 'java/lang/NoSuchMethodError'{0x00000000e2db8920}: 'void java.lang.invoke.DirectMethodHandle$Holder.invokeVirtual(java.lang.Object, java.lang.Object, long)'> (0x00000000e2db8920) 
thrown [e:\jenkins\tmp\workspace\build\src\src\hotspot\share\interpreter\linkResolver.cpp, line 766]

VM Operations (20 events):
Event: 37.946 Executing VM operation: G1Concurrent
Event: 37.959 Executing VM operation: G1Concurrent done
Event: 37.994 Executing VM operation: G1Concurrent
Event: 37.994 Executing VM operation: G1Concurrent done
Event: 39.004 Executing VM operation: Cleanup
Event: 39.004 Executing VM operation: Cleanup done
Event: 39.621 Executing VM operation: G1CollectForAllocation
Event: 39.638 Executing VM operation: G1CollectForAllocation done
Event: 40.120 Executing VM operation: HandshakeAllThreads
Event: 40.120 Executing VM operation: HandshakeAllThreads done
Event: 40.328 Executing VM operation: HandshakeAllThreads
Event: 40.328 Executing VM operation: HandshakeAllThreads done
Event: 40.330 Executing VM operation: HandshakeAllThreads
Event: 40.330 Executing VM operation: HandshakeAllThreads done
Event: 41.330 Executing VM operation: Cleanup
Event: 41.330 Executing VM operation: Cleanup done
Event: 41.355 Executing VM operation: G1CollectForAllocation
Event: 41.374 Executing VM operation: G1CollectForAllocation done
Event: 41.479 Executing VM operation: HandshakeAllThreads
Event: 41.479 Executing VM operation: HandshakeAllThreads done

Events (20 events):
Event: 35.702 loading class javax/management/NotificationEmitter
Event: 35.702 loading class javax/management/NotificationBroadcaster
Event: 35.702 loading class javax/management/NotificationBroadcaster done
Event: 35.702 loading class javax/management/NotificationEmitter done
Event: 36.345 loading class java/util/EnumMap$EntrySet
Event: 36.346 loading class java/util/EnumMap$EntrySet done
Event: 36.346 loading class java/util/EnumMap$EntryIterator
Event: 36.346 loading class java/util/EnumMap$EnumMapIterator
Event: 36.346 loading class java/util/EnumMap$EnumMapIterator done
Event: 36.346 loading class java/util/EnumMap$EntryIterator done
Event: 38.157 loading class java/lang/Character$UnicodeBlock
Event: 38.159 loading class java/lang/Character$Subset
Event: 38.159 loading class java/lang/Character$Subset done
Event: 38.160 loading class java/lang/Character$UnicodeBlock done
Event: 40.238 loading class java/util/Comparators$NullComparator
Event: 40.238 loading class java/util/Comparators$NullComparator done
Event: 40.995 loading class java/util/stream/ReduceOps$2
Event: 40.996 loading class java/util/stream/ReduceOps$2 done
Event: 40.996 loading class java/util/stream/ReduceOps$2ReducingSink
Event: 40.996 loading class java/util/stream/ReduceOps$2ReducingSink done


Dynamic libraries:
0x000000013f940000 - 0x000000013f94e000 	C:\sts-4.15.1.RELEASE\plugins\org.eclipse.justj.openjdk.hotspot.jre.full.win32.x86_64_17.0.3.v20220515-1416\jre\bin\javaw.exe
0x0000000077a90000 - 0x0000000077c2f000 	C:\Windows\SYSTEM32\ntdll.dll
0x0000000077870000 - 0x0000000077990000 	C:\Windows\system32\kernel32.dll
0x000007fefd780000 - 0x000007fefd7e7000 	C:\Windows\system32\KERNELBASE.dll
0x000007fef6310000 - 0x000007fef6328000 	C:\sts-4.15.1.RELEASE\plugins\org.eclipse.justj.openjdk.hotspot.jre.full.win32.x86_64_17.0.3.v20220515-1416\jre\bin\jli.dll
0x000007fefbfa0000 - 0x000007fefc195000 	C:\Windows\WinSxS\amd64_microsoft.windows.common-controls_6595b64144ccf1df_6.0.7601.24483_none_e372d88f30fbb845\COMCTL32.dll
0x000007feffc10000 - 0x000007feffcaf000 	C:\Windows\system32\msvcrt.dll
0x000007fefdba0000 - 0x000007fefdc08000 	C:\Windows\system32\GDI32.dll
0x0000000077990000 - 0x0000000077a8b000 	C:\Windows\system32\USER32.dll
0x000007fefe290000 - 0x000007fefe29e000 	C:\Windows\system32\LPK.dll
0x000007feffcb0000 - 0x000007feffd7b000 	C:\Windows\system32\USP10.dll
0x000007fefd9a0000 - 0x000007fefda11000 	C:\Windows\system32\SHLWAPI.dll
0x000007fef6330000 - 0x000007fef6349000 	C:\sts-4.15.1.RELEASE\plugins\org.eclipse.justj.openjdk.hotspot.jre.full.win32.x86_64_17.0.3.v20220515-1416\jre\bin\VCRUNTIME140.dll
0x000007fef62f0000 - 0x000007fef62f4000 	C:\sts-4.15.1.RELEASE\plugins\org.eclipse.justj.openjdk.hotspot.jre.full.win32.x86_64_17.0.3.v20220515-1416\jre\bin\api-ms-win-crt-runtime-l1-1-0.dll
0x000007fef61f0000 - 0x000007fef62ea000 	C:\sts-4.15.1.RELEASE\plugins\org.eclipse.justj.openjdk.hotspot.jre.full.win32.x86_64_17.0.3.v20220515-1416\jre\bin\ucrtbase.DLL
0x000007fef6300000 - 0x000007fef6303000 	C:\sts-4.15.1.RELEASE\plugins\org.eclipse.justj.openjdk.hotspot.jre.full.win32.x86_64_17.0.3.v20220515-1416\jre\bin\api-ms-win-core-localization-l1-2-0.dll
0x000007fef61d0000 - 0x000007fef61d3000 	C:\sts-4.15.1.RELEASE\plugins\org.eclipse.justj.openjdk.hotspot.jre.full.win32.x86_64_17.0.3.v20220515-1416\jre\bin\api-ms-win-core-processthreads-l1-1-1.dll
0x000007fef61e0000 - 0x000007fef61e3000 	C:\sts-4.15.1.RELEASE\plugins\org.eclipse.justj.openjdk.hotspot.jre.full.win32.x86_64_17.0.3.v20220515-1416\jre\bin\api-ms-win-core-file-l1-2-0.dll
0x000007fef61b0000 - 0x000007fef61b3000 	C:\sts-4.15.1.RELEASE\plugins\org.eclipse.justj.openjdk.hotspot.jre.full.win32.x86_64_17.0.3.v20220515-1416\jre\bin\api-ms-win-core-timezone-l1-1-0.dll
0x000007fef61c0000 - 0x000007fef61c3000 	C:\sts-4.15.1.RELEASE\plugins\org.eclipse.justj.openjdk.hotspot.jre.full.win32.x86_64_17.0.3.v20220515-1416\jre\bin\api-ms-win-core-file-l2-1-0.dll
0x000007fef6190000 - 0x000007fef6193000 	C:\sts-4.15.1.RELEASE\plugins\org.eclipse.justj.openjdk.hotspot.jre.full.win32.x86_64_17.0.3.v20220515-1416\jre\bin\api-ms-win-core-synch-l1-2-0.dll
0x000007fef61a0000 - 0x000007fef61a3000 	C:\sts-4.15.1.RELEASE\plugins\org.eclipse.justj.openjdk.hotspot.jre.full.win32.x86_64_17.0.3.v20220515-1416\jre\bin\api-ms-win-crt-heap-l1-1-0.dll
0x000007fef6170000 - 0x000007fef6174000 	C:\sts-4.15.1.RELEASE\plugins\org.eclipse.justj.openjdk.hotspot.jre.full.win32.x86_64_17.0.3.v20220515-1416\jre\bin\api-ms-win-crt-string-l1-1-0.dll
0x000007fef6180000 - 0x000007fef6184000 	C:\sts-4.15.1.RELEASE\plugins\org.eclipse.justj.openjdk.hotspot.jre.full.win32.x86_64_17.0.3.v20220515-1416\jre\bin\api-ms-win-crt-stdio-l1-1-0.dll
0x000007fef6150000 - 0x000007fef6154000 	C:\sts-4.15.1.RELEASE\plugins\org.eclipse.justj.openjdk.hotspot.jre.full.win32.x86_64_17.0.3.v20220515-1416\jre\bin\api-ms-win-crt-convert-l1-1-0.dll
0x000007fef6160000 - 0x000007fef6163000 	C:\sts-4.15.1.RELEASE\plugins\org.eclipse.justj.openjdk.hotspot.jre.full.win32.x86_64_17.0.3.v20220515-1416\jre\bin\api-ms-win-crt-environment-l1-1-0.dll
0x000007fef6130000 - 0x000007fef6133000 	C:\sts-4.15.1.RELEASE\plugins\org.eclipse.justj.openjdk.hotspot.jre.full.win32.x86_64_17.0.3.v20220515-1416\jre\bin\api-ms-win-crt-filesystem-l1-1-0.dll
0x000007fef6140000 - 0x000007fef6145000 	C:\sts-4.15.1.RELEASE\plugins\org.eclipse.justj.openjdk.hotspot.jre.full.win32.x86_64_17.0.3.v20220515-1416\jre\bin\api-ms-win-crt-math-l1-1-0.dll
0x000007fef6110000 - 0x000007fef6113000 	C:\sts-4.15.1.RELEASE\plugins\org.eclipse.justj.openjdk.hotspot.jre.full.win32.x86_64_17.0.3.v20220515-1416\jre\bin\api-ms-win-crt-locale-l1-1-0.dll
0x000007fefe000000 - 0x000007fefe02e000 	C:\Windows\system32\IMM32.DLL
0x000007fefe2a0000 - 0x000007fefe3ab000 	C:\Windows\system32\MSCTF.dll
0x000007fef6120000 - 0x000007fef612c000 	C:\sts-4.15.1.RELEASE\plugins\org.eclipse.justj.openjdk.hotspot.jre.full.win32.x86_64_17.0.3.v20220515-1416\jre\bin\vcruntime140_1.dll
0x000007fef5fd0000 - 0x000007fef6061000 	C:\sts-4.15.1.RELEASE\plugins\org.eclipse.justj.openjdk.hotspot.jre.full.win32.x86_64_17.0.3.v20220515-1416\jre\bin\msvcp140.dll
0x000007fef6100000 - 0x000007fef6103000 	C:\sts-4.15.1.RELEASE\plugins\org.eclipse.justj.openjdk.hotspot.jre.full.win32.x86_64_17.0.3.v20220515-1416\jre\bin\api-ms-win-crt-time-l1-1-0.dll
0x000007fef60f0000 - 0x000007fef60f3000 	C:\sts-4.15.1.RELEASE\plugins\org.eclipse.justj.openjdk.hotspot.jre.full.win32.x86_64_17.0.3.v20220515-1416\jre\bin\api-ms-win-crt-utility-l1-1-0.dll
0x000007feeef80000 - 0x000007feefbc8000 	C:\sts-4.15.1.RELEASE\plugins\org.eclipse.justj.openjdk.hotspot.jre.full.win32.x86_64_17.0.3.v20220515-1416\jre\bin\server\jvm.dll
0x000007fefdf20000 - 0x000007fefdffb000 	C:\Windows\system32\ADVAPI32.dll
0x000007fefeb30000 - 0x000007fefeb4f000 	C:\Windows\SYSTEM32\sechost.dll
0x000007fefeb50000 - 0x000007fefec7a000 	C:\Windows\system32\RPCRT4.dll
0x000007feeef70000 - 0x000007feeef79000 	C:\Windows\system32\WSOCK32.dll
0x000007fefe030000 - 0x000007fefe07d000 	C:\Windows\system32\WS2_32.dll
0x000007fefdc90000 - 0x000007fefdc98000 	C:\Windows\system32\NSI.dll
0x000007fef9050000 - 0x000007fef908b000 	C:\Windows\system32\WINMM.dll
0x000007fefc630000 - 0x000007fefc63c000 	C:\Windows\system32\VERSION.dll
0x0000000077c40000 - 0x0000000077c47000 	C:\Windows\system32\PSAPI.DLL
0x000007feeef60000 - 0x000007feeef6a000 	C:\sts-4.15.1.RELEASE\plugins\org.eclipse.justj.openjdk.hotspot.jre.full.win32.x86_64_17.0.3.v20220515-1416\jre\bin\jimage.dll
0x000007fef78a0000 - 0x000007fef79c5000 	C:\Windows\system32\DBGHELP.DLL
0x000007feeef30000 - 0x000007feeef55000 	C:\sts-4.15.1.RELEASE\plugins\org.eclipse.justj.openjdk.hotspot.jre.full.win32.x86_64_17.0.3.v20220515-1416\jre\bin\java.dll
0x000007feeeee0000 - 0x000007feeeef8000 	C:\sts-4.15.1.RELEASE\plugins\org.eclipse.justj.openjdk.hotspot.jre.full.win32.x86_64_17.0.3.v20220515-1416\jre\bin\zip.dll
0x000007fefec80000 - 0x000007feffa0b000 	C:\Windows\system32\SHELL32.dll
0x000007feffa10000 - 0x000007feffc10000 	C:\Windows\system32\ole32.dll
0x000007fefd590000 - 0x000007fefd59f000 	C:\Windows\system32\profapi.dll
0x000007feeeec0000 - 0x000007feeeed9000 	C:\sts-4.15.1.RELEASE\plugins\org.eclipse.justj.openjdk.hotspot.jre.full.win32.x86_64_17.0.3.v20220515-1416\jre\bin\net.dll
0x000007fef9cc0000 - 0x000007fef9d31000 	C:\Windows\system32\WINHTTP.dll
0x000007fef9c50000 - 0x000007fef9cb5000 	C:\Windows\system32\webio.dll
0x000007fefccb0000 - 0x000007fefcd05000 	C:\Windows\system32\mswsock.dll
0x000007fefcca0000 - 0x000007fefcca7000 	C:\Windows\System32\wship6.dll
0x000007feeeea0000 - 0x000007feeeeb5000 	C:\sts-4.15.1.RELEASE\plugins\org.eclipse.justj.openjdk.hotspot.jre.full.win32.x86_64_17.0.3.v20220515-1416\jre\bin\nio.dll
0x000007fefb260000 - 0x000007fefb287000 	C:\Windows\system32\IPHLPAPI.DLL
0x000007fefb250000 - 0x000007fefb25b000 	C:\Windows\system32\WINNSI.DLL
0x000007fefb020000 - 0x000007fefb038000 	C:\Windows\system32\dhcpcsvc.DLL
0x000007fefb000000 - 0x000007fefb011000 	C:\Windows\system32\dhcpcsvc6.DLL
0x000007fee7520000 - 0x000007fee752e000 	C:\sts-4.15.1.RELEASE\plugins\org.eclipse.justj.openjdk.hotspot.jre.full.win32.x86_64_17.0.3.v20220515-1416\jre\bin\sunmscapi.dll
0x000007fefd830000 - 0x000007fefd99e000 	C:\Windows\system32\CRYPT32.dll
0x000007fefd5a0000 - 0x000007fefd5af000 	C:\Windows\system32\MSASN1.dll
0x000007fefceb0000 - 0x000007fefcf00000 	C:\Windows\system32\ncrypt.dll
0x000007fefcfd0000 - 0x000007fefcff2000 	C:\Windows\system32\bcrypt.dll
0x000007fefcd10000 - 0x000007fefcd28000 	C:\Windows\system32\CRYPTSP.dll
0x000007fefc9f0000 - 0x000007fefca37000 	C:\Windows\system32\rsaenh.dll
0x000007fefd730000 - 0x000007fefd74f000 	C:\Windows\system32\USERENV.dll
0x000007fefd3c0000 - 0x000007fefd3cf000 	C:\Windows\system32\CRYPTBASE.dll
0x000007fef7560000 - 0x000007fef7570000 	C:\sts-4.15.1.RELEASE\plugins\org.eclipse.justj.openjdk.hotspot.jre.full.win32.x86_64_17.0.3.v20220515-1416\jre\bin\verify.dll
0x000007fefc700000 - 0x000007fefc707000 	C:\Windows\System32\wshtcpip.dll
0x000007fefcb20000 - 0x000007fefcb7b000 	C:\Windows\system32\DNSAPI.dll
0x000007fef9b50000 - 0x000007fef9b58000 	C:\Windows\system32\rasadhlp.dll
0x000007fefb140000 - 0x000007fefb193000 	C:\Windows\System32\fwpuclnt.dll

dbghelp: loaded successfully - version: 4.0.5 - missing functions: none
symbol engine: initialized successfully - sym options: 0x614 - pdb path: .;C:\sts-4.15.1.RELEASE\plugins\org.eclipse.justj.openjdk.hotspot.jre.full.win32.x86_64_17.0.3.v20220515-1416\jre\bin;C:\Windows\SYSTEM32;C:\Windows\WinSxS\amd64_microsoft.windows.common-controls_6595b64144ccf1df_6.0.7601.24483_none_e372d88f30fbb845;C:\sts-4.15.1.RELEASE\plugins\org.eclipse.justj.openjdk.hotspot.jre.full.win32.x86_64_17.0.3.v20220515-1416\jre\bin\server

VM Arguments:
jvm_args: -ea -Dfile.encoding=UTF-8 -XX:+ShowCodeDetailsInExceptionMessages 
java_command: org.eclipse.jdt.internal.junit.runner.RemoteTestRunner -version 3 -port 49173 -testLoaderClass org.eclipse.jdt.internal.junit5.runner.JUnit5TestLoader -loaderpluginname org.eclipse.jdt.junit5.runtime -classNames br.com.carlosborges.TodoRepositoryTest -testfailures C:\Users\CARLOS~1\AppData\Local\Temp\testFailures15902095073006809488.txt
java_class_path (initial): C:\Projetos\TodoList\TodoList\target\test-classes;C:\Projetos\TodoList\TodoList\target\classes;C:\Users\Carlos Borges\.m2\repository\org\springframework\boot\spring-boot-starter-data-jpa\3.2.3\spring-boot-starter-data-jpa-3.2.3.jar;C:\Users\Carlos Borges\.m2\repository\org\springframework\boot\spring-boot-starter-aop\3.2.3\spring-boot-starter-aop-3.2.3.jar;C:\Users\Carlos Borges\.m2\repository\org\springframework\spring-aop\6.1.4\spring-aop-6.1.4.jar;C:\Users\Carlos Borges\.m2\repository\org\aspectj\aspectjweaver\1.9.21\aspectjweaver-1.9.21.jar;C:\Users\Carlos Borges\.m2\repository\org\springframework\boot\spring-boot-starter-jdbc\3.2.3\spring-boot-starter-jdbc-3.2.3.jar;C:\Users\Carlos Borges\.m2\repository\com\zaxxer\HikariCP\5.0.1\HikariCP-5.0.1.jar;C:\Users\Carlos Borges\.m2\repository\org\springframework\spring-jdbc\6.1.4\spring-jdbc-6.1.4.jar;C:\Users\Carlos Borges\.m2\repository\org\hibernate\orm\hibernate-core\6.4.4.Final\hibernate-core-6.4.4.Final.jar;C:\Users\Carlos Borges\.m2\repository\jakarta\persistence\jakarta.persistence-api\3.1.0\jakarta.persistence-api-3.1.0.jar;C:\Users\Carlos Borges\.m2\repository\jakarta\transaction\jakarta.transaction-api\2.0.1\jakarta.transaction-api-2.0.1.jar;C:\Users\Carlos Borges\.m2\repository\org\jboss\logging\jboss-logging\3.5.3.Final\jboss-logging-3.5.3.Final.jar;C:\Users\Carlos Borges\.m2\repository\org\hibernate\common\hibernate-commons-annotations\6.0.6.Final\hibernate-commons-annotations-6.0.6.Final.jar;C:\Users\Carlos Borges\.m2\repository\io\smallrye\jandex\3.1.2\jandex-3.1.2.jar;C:\Users\Carlos Borges\.m2\repository\com\fasterxml\classmate\1.6.0\classmate-1.6.0.jar;C:\Users\Carlos Borges\.m2\repository\net\bytebuddy\byte-buddy\1.14.12\byte-buddy-1.14.12.jar;C:\Users\Carlos Borges\.m2\repository\org\glassfish\jaxb\jaxb-runtime\4.0.4\jaxb-runtime-4.0.4.jar;C:\Users\Carlos Borges\.m2\repository\org\glassfish\jaxb\jaxb-core\4.0.4\jaxb-core-4.0.4.jar;C:\Users\Carlos Borges\.m2\repository\o
Launcher Type: SUN_STANDARD

[Global flags]
     intx CICompilerCount                          = 2                                         {product} {ergonomic}
     uint ConcGCThreads                            = 1                                         {product} {ergonomic}
     uint G1ConcRefinementThreads                  = 2                                         {product} {ergonomic}
   size_t G1HeapRegionSize                         = 1048576                                   {product} {ergonomic}
    uintx GCDrainStackTargetSize                   = 64                                        {product} {ergonomic}
   size_t InitialHeapSize                          = 33554432                                  {product} {ergonomic}
   size_t MarkStackSize                            = 4194304                                   {product} {ergonomic}
   size_t MaxHeapSize                              = 528482304                                 {product} {ergonomic}
   size_t MaxNewSize                               = 316669952                                 {product} {ergonomic}
   size_t MinHeapDeltaBytes                        = 1048576                                   {product} {ergonomic}
   size_t MinHeapSize                              = 8388608                                   {product} {ergonomic}
    uintx NonNMethodCodeHeapSize                   = 5826188                                {pd product} {ergonomic}
    uintx NonProfiledCodeHeapSize                  = 122916026                              {pd product} {ergonomic}
    uintx ProfiledCodeHeapSize                     = 122916026                              {pd product} {ergonomic}
    uintx ReservedCodeCacheSize                    = 251658240                              {pd product} {ergonomic}
     bool SegmentedCodeCache                       = true                                      {product} {ergonomic}
     bool ShowCodeDetailsInExceptionMessages       = true                                   {manageable} {command line}
   size_t SoftMaxHeapSize                          = 528482304                              {manageable} {ergonomic}
     bool UseCompressedClassPointers               = true                           {product lp64_product} {ergonomic}
     bool UseCompressedOops                        = true                           {product lp64_product} {ergonomic}
     bool UseG1GC                                  = true                                      {product} {ergonomic}
     bool UseLargePagesIndividualAllocation        = false                                  {pd product} {ergonomic}

Logging:
Log output configuration:
 #0: stdout all=warning uptime,level,tags
 #1: stderr all=off uptime,level,tags

Environment Variables:
JAVA_HOME=C:\Program Files\Java\zulu17.36.13-ca-jdk17.0.4-win_x64
PATH=C:/sts-4.15.1.RELEASE//plugins/org.eclipse.justj.openjdk.hotspot.jre.full.win32.x86_64_17.0.3.v20220515-1416/jre/bin/server;C:/sts-4.15.1.RELEASE//plugins/org.eclipse.justj.openjdk.hotspot.jre.full.win32.x86_64_17.0.3.v20220515-1416/jre/bin;C:\Program Files\Common Files\Oracle\Java\javapath;C:\Windows\system32;C:\Windows;C:\Windows\System32\Wbem;C:\Windows\System32\WindowsPowerShell\v1.0\;C:\Program Files\Java\zulu17.36.13-ca-jdk17.0.4-win_x64\bin;C:\Program Files\nodejs\;C:\Program Files\dotnet\;C:\Program Files\MongoDB\Server\3.6\bin;C:\Program Files\Git\cmd;C:\Program Files\MySQL\MySQL Shell 8.0\bin\;C:\Users\Carlos Borges\AppData\Local\Programs\Microsoft VS Code\bin;C:\Program Files\heroku\bin;C:\Users\Carlos Borges\AppData\Roaming\npm;C:\Program Files\JetBrains\IntelliJ IDEA 2023.1\bin;;C:\sts-4.15.1.RELEASE;
USERNAME=Carlos Borges
OS=Windows_NT
PROCESSOR_IDENTIFIER=Intel64 Family 6 Model 23 Stepping 10, GenuineIntel



---------------  S Y S T E M  ---------------

OS:
 Windows 7 , 64 bit Build 7601 (6.1.7601.25740)
OS uptime: 0 days 0:58 hours

CPU: total 2 (initial active 2) (2 cores per cpu, 1 threads per core) family 6 model 23 stepping 10 microcode 0x0, cx8, cmov, fxsr, mmx, sse, sse2, sse3, ssse3, tsc, clflush

Memory: 4k page, system-wide physical 2013M (212M free)
TotalPageFile size 4026M (AvailPageFile size 1155M)
current process WorkingSet (physical memory assigned to process): 232M, peak: 236M
current process commit charge ("private bytes"): 255M, peak: 258M

vm_info: OpenJDK 64-Bit Server VM (17.0.3+7) for windows-amd64 JRE (17.0.3+7), built on Apr 19 2022 16:55:35 by "" with MS VC++ 16.7 (VS2019)

END.
